# JRE version: Java(TM) SE Runtime Environment (8.0_241-b07) (build 1.8.0_241-b07)
# Java VM: Java HotSpot(TM) 64-Bit Server VM (25.241-b07 mixed mode windows-amd64 compressed oops)
Heap:
 PSYoungGen      total 357888K, used 53726K [0x000000076b780000, 0x0000000783000000, 0x00000007c0000000)
  eden space 351744K, 15% used [0x000000076b780000,0x000000076ebf78b8,0x0000000780f00000)
  from space 6144K, 0% used [0x0000000782a00000,0x0000000782a00000,0x0000000783000000)
  to   space 16896K, 0% used [0x0000000780f00000,0x0000000780f00000,0x0000000781f80000)
 ParOldGen       total 131584K, used 14897K [0x00000006c2600000, 0x00000006ca680000, 0x000000076b780000)
  object space 131584K, 11% used [0x00000006c2600000,0x00000006c348c420,0x00000006ca680000)
 Metaspace       used 47646K, capacity 50102K, committed 50304K, reserved 1093632K
  class space    used 6826K, capacity 7273K, committed 7296K, reserved 1048576K
GC Heap History (10 events):
Event: 3.623 GC heap before
{Heap before GC invocations=11 (full 3):
 PSYoungGen      total 349184K, used 12772K [0x000000076b780000, 0x0000000783680000, 0x00000007c0000000)
  eden space 336384K, 0% used [0x000000076b780000,0x000000076b780000,0x0000000780000000)
  from space 12800K, 99% used [0x0000000782a00000,0x0000000783679148,0x0000000783680000)
  to   space 15360K, 0% used [0x0000000781880000,0x0000000781880000,0x0000000782780000)
 ParOldGen       total 131584K, used 18960K [0x00000006c2600000, 0x00000006ca680000, 0x000000076b780000)
  object space 131584K, 14% used [0x00000006c2600000,0x00000006c3884068,0x00000006ca680000)
 Metaspace       used 46225K, capacity 48482K, committed 48512K, reserved 1095680K
  class space    used 6578K, capacity 7011K, committed 7040K, reserved 1048576K
Event: 3.751 GC heap after
Heap after GC invocations=11 (full 3):
 PSYoungGen      total 349184K, used 0K [0x000000076b780000, 0x0000000783680000, 0x00000007c0000000)
  eden space 336384K, 0% used [0x000000076b780000,0x000000076b780000,0x0000000780000000)
  from space 12800K, 0% used [0x0000000782a00000,0x0000000782a00000,0x0000000783680000)
  to   space 15360K, 0% used [0x0000000781880000,0x0000000781880000,0x0000000782780000)
 ParOldGen       total 131584K, used 27040K [0x00000006c2600000, 0x00000006ca680000, 0x000000076b780000)
  object space 131584K, 20% used [0x00000006c2600000,0x00000006c40683b8,0x00000006ca680000)
 Metaspace       used 46225K, capacity 48482K, committed 48512K, reserved 1093632K
  class space    used 6578K, capacity 7011K, committed 7040K, reserved 1048576K
}
Event: 3.751 GC heap before
{Heap before GC invocations=12 (full 3):
 PSYoungGen      total 349184K, used 0K [0x000000076b780000, 0x0000000783680000, 0x00000007c0000000)
  eden space 336384K, 0% used [0x000000076b780000,0x000000076b780000,0x0000000780000000)
  from space 12800K, 0% used [0x0000000782a00000,0x0000000782a00000,0x0000000783680000)
  to   space 15360K, 0% used [0x0000000781880000,0x0000000781880000,0x0000000782780000)
 ParOldGen       total 131584K, used 27040K [0x00000006c2600000, 0x00000006ca680000, 0x000000076b780000)
  object space 131584K, 20% used [0x00000006c2600000,0x00000006c40683b8,0x00000006ca680000)
 Metaspace       used 46225K, capacity 48482K, committed 48512K, reserved 1097728K
  class space    used 6578K, capacity 7011K, committed 7040K, reserved 1048576K
Event: 3.753 GC heap after
Heap after GC invocations=12 (full 3):
 PSYoungGen      total 351744K, used 0K [0x000000076b780000, 0x0000000783680000, 0x00000007c0000000)
  eden space 336384K, 0% used [0x000000076b780000,0x000000076b780000,0x0000000780000000)
  from space 15360K, 0% used [0x0000000781880000,0x0000000781880000,0x0000000782780000)
  to   space 12800K, 0% used [0x0000000782a00000,0x0000000782a00000,0x0000000783680000)
 ParOldGen       total 131584K, used 27040K [0x00000006c2600000, 0x00000006ca680000, 0x000000076b780000)
  object space 131584K, 20% used [0x00000006c2600000,0x00000006c40683b8,0x00000006ca680000)
 Metaspace       used 46225K, capacity 48482K, committed 48512K, reserved 1097728K
  class space    used 6578K, capacity 7011K, committed 7040K, reserved 1048576K
}
Event: 3.753 GC heap before
{Heap before GC invocations=13 (full 4):
 PSYoungGen      total 351744K, used 0K [0x000000076b780000, 0x0000000783680000, 0x00000007c0000000)
  eden space 336384K, 0% used [0x000000076b780000,0x000000076b780000,0x0000000780000000)
  from space 15360K, 0% used [0x0000000781880000,0x0000000781880000,0x0000000782780000)
  to   space 12800K, 0% used [0x0000000782a00000,0x0000000782a00000,0x0000000783680000)
 ParOldGen       total 131584K, used 27040K [0x00000006c2600000, 0x00000006ca680000, 0x000000076b780000)
  object space 131584K, 20% used [0x00000006c2600000,0x00000006c40683b8,0x00000006ca680000)
 Metaspace       used 46225K, capacity 48482K, committed 48512K, reserved 1097728K
  class space    used 6578K, capacity 7011K, committed 7040K, reserved 1048576K
Event: 3.843 GC heap after
Heap after GC invocations=13 (full 4):
 PSYoungGen      total 351744K, used 0K [0x000000076b780000, 0x0000000783680000, 0x00000007c0000000)
  eden space 336384K, 0% used [0x000000076b780000,0x000000076b780000,0x0000000780000000)
  from space 15360K, 0% used [0x0000000781880000,0x0000000781880000,0x0000000782780000)
  to   space 12800K, 0% used [0x0000000782a00000,0x0000000782a00000,0x0000000783680000)
 ParOldGen       total 131584K, used 23989K [0x00000006c2600000, 0x00000006ca680000, 0x000000076b780000)
  object space 131584K, 18% used [0x00000006c2600000,0x00000006c3d6d5b8,0x00000006ca680000)
 Metaspace       used 46025K, capacity 48162K, committed 48512K, reserved 1093632K
  class space    used 6545K, capacity 6953K, committed 7040K, reserved 1048576K
}
Event: 3.853 GC heap before
{Heap before GC invocations=14 (full 4):
 PSYoungGen      total 351744K, used 6032K [0x000000076b780000, 0x0000000783680000, 0x00000007c0000000)
  eden space 336384K, 1% used [0x000000076b780000,0x000000076bd64230,0x0000000780000000)
  from space 15360K, 0% used [0x0000000781880000,0x0000000781880000,0x0000000782780000)
  to   space 12800K, 0% used [0x0000000782a00000,0x0000000782a00000,0x0000000783680000)
 ParOldGen       total 131584K, used 23989K [0x00000006c2600000, 0x00000006ca680000, 0x000000076b780000)
  object space 131584K, 18% used [0x00000006c2600000,0x00000006c3d6d5b8,0x00000006ca680000)
 Metaspace       used 46074K, capacity 48246K, committed 48512K, reserved 1097728K
  class space    used 6563K, capacity 6971K, committed 7040K, reserved 1048576K
Event: 3.855 GC heap after
Heap after GC invocations=14 (full 4):
 PSYoungGen      total 357888K, used 380K [0x000000076b780000, 0x0000000783000000, 0x00000007c0000000)
  eden space 351744K, 0% used [0x000000076b780000,0x000000076b780000,0x0000000780f00000)
  from space 6144K, 6% used [0x0000000782a00000,0x0000000782a5f3d0,0x0000000783000000)
  to   space 16896K, 0% used [0x0000000780f00000,0x0000000780f00000,0x0000000781f80000)
 ParOldGen       total 131584K, used 23989K [0x00000006c2600000, 0x00000006ca680000, 0x000000076b780000)
  object space 131584K, 18% used [0x00000006c2600000,0x00000006c3d6d5b8,0x00000006ca680000)
 Metaspace       used 46074K, capacity 48246K, committed 48512K, reserved 1097728K
  class space    used 6563K, capacity 6971K, committed 7040K, reserved 1048576K
}
Event: 3.855 GC heap before
{Heap before GC invocations=15 (full 5):
 PSYoungGen      total 357888K, used 380K [0x000000076b780000, 0x0000000783000000, 0x00000007c0000000)
  eden space 351744K, 0% used [0x000000076b780000,0x000000076b780000,0x0000000780f00000)
  from space 6144K, 6% used [0x0000000782a00000,0x0000000782a5f3d0,0x0000000783000000)
  to   space 16896K, 0% used [0x0000000780f00000,0x0000000780f00000,0x0000000781f80000)
 ParOldGen       total 131584K, used 23989K [0x00000006c2600000, 0x00000006ca680000, 0x000000076b780000)
  object space 131584K, 18% used [0x00000006c2600000,0x00000006c3d6d5b8,0x00000006ca680000)
 Metaspace       used 46074K, capacity 48246K, committed 48512K, reserved 1097728K
  class space    used 6563K, capacity 6971K, committed 7040K, reserved 1048576K
Event: 3.888 GC heap after
Heap after GC invocations=15 (full 5):
 PSYoungGen      total 357888K, used 0K [0x000000076b780000, 0x0000000783000000, 0x00000007c0000000)
  eden space 351744K, 0% used [0x000000076b780000,0x000000076b780000,0x0000000780f00000)
  from space 6144K, 0% used [0x0000000782a00000,0x0000000782a00000,0x0000000783000000)
  to   space 16896K, 0% used [0x0000000780f00000,0x0000000780f00000,0x0000000781f80000)
 ParOldGen       total 131584K, used 14897K [0x00000006c2600000, 0x00000006ca680000, 0x000000076b780000)
  object space 131584K, 11% used [0x00000006c2600000,0x00000006c348c420,0x00000006ca680000)
 Metaspace       used 46074K, capacity 48246K, committed 48512K, reserved 1093632K
  class space    used 6563K, capacity 6971K, committed 7040K, reserved 1048576K
}

